<?xml version="1.0" encoding="UTF-8"?>
<!-- Generated by org.testng.reporters.JUnitXMLReporter -->
<testsuite ignored="0" hostname="LAPTOP-4K3IBDCV" failures="0" tests="20" name="Default test" time="918.366" errors="0" timestamp="2023-01-31T18:25:58 IST">
  <testcase classname="TestCases.TestCases" name="Are_Profile_ResetPassword_Logout_Present" time="38.496"/>
  <testcase classname="TestCases.TestCases" name="Company_Name_Is_Present_On_Header_On_HomePage" time="14.313"/>
  <testcase classname="TestCases.TestCases" name="Edit_Profile_Picture_After_Uploading_And_Saving_Different_Picture_First" time="45.512"/>
  <testcase classname="TestCases.TestCases" name="Error_message_Should_Be_Displayed_If_User_Enter_Wrong_Existing_Password_While_Reseting_Password" time="35.612"/>
  <testcase classname="TestCases.TestCases" name="Forgot_Password_Link_Is_Clickable_And_Functional" time="6.172"/>
  <testcase classname="TestCases.TestCases" name="Test_Email_In_Profie_Is_Not_Editable" time="28.48"/>
  <testcase classname="TestCases.TestCases" name="Test_If_Error_Message_Is_Displayed_When_New_Password_And_Confirm_Password_Are_Not_Matching" time="27.176"/>
  <testcase classname="TestCases.TestCases" name="Test_If_User_Is_Able_To_Logout_Of_Application_On_clicking_Logout_Button" time="21.6"/>
  <testcase classname="TestCases.TestCases" name="Test_Is_ResetPassword_PopUp_Closing_After_Clicking_Close_Button" time="32.24"/>
  <testcase classname="TestCases.TestCases" name="Test_Login_Page_Content" time="0.237"/>
  <testcase classname="TestCases.TestCases" name="Test_Login_With_Invalid_Data_For_Existing_User" time="9.85"/>
  <testcase classname="TestCases.TestCases" name="Test_Login_With_Valid_Data_For_Existing_User" time="13.831"/>
  <testcase classname="TestCases.TestCases" name="Test_Login_without_Accepting_Terms_And_Conditions" time="0.626"/>
  <testcase classname="TestCases.TestCases" name="Test_Login_without_Entering_Any_Credentials" time="0.054"/>
  <testcase classname="TestCases.TestCases" name="Test_Terms_And_Condition_Is_Clickable_And_Return_Expected_Content" time="7.272"/>
  <testcase classname="TestCases.TestCases" name="Test_User_Profile_Data_Is_Editable_And_When_Updated_Changes_Are_Visible_Dashboard" time="56.494"/>
  <testcase classname="TestCases.TestCases" name="Upload_Profile_Picture_And_Save_It" time="32.522"/>
  <testcase classname="TestCases.TestCases" name="User_Is_Able_To_See_And_Accept_cookies" time="6.192"/>
  <testcase classname="TestCases.TestCases" name="User_Is_Able_To_See_Dashboard" time="13.85"/>
  <testcase classname="TestCases.TestCases" name="Welcome_Distributers_Name" time="10.466"/>
</testsuite> <!-- Default test -->
