<?xml version="1.0" encoding="UTF-8"?>
<!-- Generated by org.testng.reporters.JUnitXMLReporter -->
<testsuite ignored="86" hostname="LAPTOP-4K3IBDCV" failures="0" tests="1" name="Default test" time="69.887" errors="0" timestamp="2023-04-09T18:11:45 IST">
  <testcase classname="TestCases.TestCases" name="Test_Just_After_Creating_A_Task_The_Status_of_task_should_be_Incomplete" time="61.382"/>
  <testcase classname="TestCases.TestCases" name="TC36_Verify_that_if_there_are_no_service_engineer_Accounts_and_machines_are_not_added_an_error_message_is_dispayed" time="0.0">
    <ignored/>
  </testcase> <!-- TC36_Verify_that_if_there_are_no_service_engineer_Accounts_and_machines_are_not_added_an_error_message_is_dispayed -->
  <testcase classname="TestCases.TestCases" name="Test_For_A_Monthly_Repeating_Task_The_end_Date_Should_Be_Of_current_or_Future_Quater_Only" time="0.0">
    <ignored/>
  </testcase> <!-- Test_For_A_Monthly_Repeating_Task_The_end_Date_Should_Be_Of_current_or_Future_Quater_Only -->
  <testcase classname="TestCases.TestCases" name="Verify_That_User_Is_Not_Able_Select_The_Same_Service_Engineer_And_Watcher" time="0.0">
    <ignored/>
  </testcase> <!-- Verify_That_User_Is_Not_Able_Select_The_Same_Service_Engineer_And_Watcher -->
  <testcase classname="TestCases.TestCases" name="Test_Solcare_observation_Records_Are_Displayed_And_User_Is_Able_To_Export_CSV" time="0.0">
    <ignored/>
  </testcase> <!-- Test_Solcare_observation_Records_Are_Displayed_And_User_Is_Able_To_Export_CSV -->
  <testcase classname="TestCases.TestCases" name="Verify_That_User_Is_Able_To_Select_More_Than_One_Machine" time="0.0">
    <ignored/>
  </testcase> <!-- Verify_That_User_Is_Able_To_Select_More_Than_One_Machine -->
  <testcase classname="TestCases.TestCases" name="TC35A_Verify_that_if_No_Task_Name_Is_Entered_an_error_message_is_dispayed" time="0.0">
    <ignored/>
  </testcase> <!-- TC35A_Verify_that_if_No_Task_Name_Is_Entered_an_error_message_is_dispayed -->
  <testcase classname="TestCases.TestCases" name="Test_If_The_criteria_is_satisfied_If_User_Enter_a_password_which_met_the_requirement" time="0.0">
    <ignored/>
  </testcase> <!-- Test_If_The_criteria_is_satisfied_If_User_Enter_a_password_which_met_the_requirement -->
  <testcase classname="TestCases.TestCases" name="Verify_That_User_Is_Able_To_Select_Accounts_And_Selected_Account_Is_visible" time="0.0">
    <ignored/>
  </testcase> <!-- Verify_That_User_Is_Able_To_Select_Accounts_And_Selected_Account_Is_visible -->
  <testcase classname="TestCases.TestCases" name="Test_If_An_Error_Message_Is_Displayed_If_Uploaded_Excel_Contains_Same_Service_engineer_And_Watcher" time="0.0">
    <ignored/>
  </testcase> <!-- Test_If_An_Error_Message_Is_Displayed_If_Uploaded_Excel_Contains_Same_Service_engineer_And_Watcher -->
  <testcase classname="TestCases.TestCases" name="Verify_ALL_The_Feilds_After_creating_The_Task_Have_correct_Values_when_Created_From_Excel" time="0.0">
    <ignored/>
  </testcase> <!-- Verify_ALL_The_Feilds_After_creating_The_Task_Have_correct_Values_when_Created_From_Excel -->
  <testcase classname="TestCases.TestCases" name="Test_If_An_Error_Message_Is_Displayed_If_Uploaded_Excel_Contains_Watcher_Which_is_Not_On_Present_Website" time="0.0">
    <ignored/>
  </testcase> <!-- Test_If_An_Error_Message_Is_Displayed_If_Uploaded_Excel_Contains_Watcher_Which_is_Not_On_Present_Website -->
  <testcase classname="TestCases.TestCases" name="Verify_That_User_Is_Able_To_Select_A_Single_Machine" time="0.0">
    <ignored/>
  </testcase> <!-- Verify_That_User_Is_Able_To_Select_A_Single_Machine -->
  <testcase classname="TestCases.TestCases" name="Test_For_A_Daily_Repeating_Task_The_end_Date_Should_Be_Of_current_or_Future_Quater_Only" time="0.0">
    <ignored/>
  </testcase> <!-- Test_For_A_Daily_Repeating_Task_The_end_Date_Should_Be_Of_current_or_Future_Quater_Only -->
  <testcase classname="TestCases.TestCases" name="Test_If_Error_Message_Is_Dispalyed_In_Case_Of_A_Empty_Account_Feild_Uploded_Excel_File" time="0.0">
    <ignored/>
  </testcase> <!-- Test_If_Error_Message_Is_Dispalyed_In_Case_Of_A_Empty_Account_Feild_Uploded_Excel_File -->
  <testcase classname="TestCases.TestCases" name="Test_Solcare_observation_Records_Are_Displayed_And_User_Is_Able_To_Export_Chart" time="0.0">
    <ignored/>
  </testcase> <!-- Test_Solcare_observation_Records_Are_Displayed_And_User_Is_Able_To_Export_Chart -->
  <testcase classname="TestCases.TestCases" name="Test_User_Profile_Data_Is_Editable_And_When_Updated_Changes_Are_Visible_Dashboard" time="0.0">
    <ignored/>
  </testcase> <!-- Test_User_Profile_Data_Is_Editable_And_When_Updated_Changes_Are_Visible_Dashboard -->
  <testcase classname="TestCases.TestCases" name="Test_Login_Page_Content" time="0.0">
    <ignored/>
  </testcase> <!-- Test_Login_Page_Content -->
  <testcase classname="TestCases.TestCases" name="Forgot_Password_Link_Is_Clickable_And_Functional" time="0.0">
    <ignored/>
  </testcase> <!-- Forgot_Password_Link_Is_Clickable_And_Functional -->
  <testcase classname="TestCases.TestCases" name="Test_For_A_weekly_Repeating_Task_The_end_Date_Should_Be_Of_current_or_Future_Quater_Only" time="0.0">
    <ignored/>
  </testcase> <!-- Test_For_A_weekly_Repeating_Task_The_end_Date_Should_Be_Of_current_or_Future_Quater_Only -->
  <testcase classname="TestCases.TestCases" name="Test_If_Error_Message_Is_Dispalyed_In_Case_Of_A_Past_Due_Date" time="0.0">
    <ignored/>
  </testcase> <!-- Test_If_Error_Message_Is_Dispalyed_In_Case_Of_A_Past_Due_Date -->
  <testcase classname="TestCases.TestCases" name="Test_If_User_Is_Able_To_Create_A_Task_By_Uploading_Excel_In_The_Given_Format" time="0.0">
    <ignored/>
  </testcase> <!-- Test_If_User_Is_Able_To_Create_A_Task_By_Uploading_Excel_In_The_Given_Format -->
  <testcase classname="TestCases.TestCases" name="Are_Profile_ResetPassword_And_Logout_Button_Are_Present" time="0.0">
    <ignored/>
  </testcase> <!-- Are_Profile_ResetPassword_And_Logout_Button_Are_Present -->
  <testcase classname="TestCases.TestCases" name="Test_If_An_Error_Message_Is_Displayed_If_Uploaded_Excel_Contains_Account_Name_Which_is_Not_On_Present_Website" time="0.0">
    <ignored/>
  </testcase> <!-- Test_If_An_Error_Message_Is_Displayed_If_Uploaded_Excel_Contains_Account_Name_Which_is_Not_On_Present_Website -->
  <testcase classname="TestCases.TestCases" name="Test_Login_without_Accepting_Terms_And_Conditions" time="0.0">
    <ignored/>
  </testcase> <!-- Test_Login_without_Accepting_Terms_And_Conditions -->
  <testcase classname="TestCases.TestCases" name="Verify_On_selecting_Schedule_Daily_Button_Select_End_Date_Field_Should_Be_Displayed" time="0.0">
    <ignored/>
  </testcase> <!-- Verify_On_selecting_Schedule_Daily_Button_Select_End_Date_Field_Should_Be_Displayed -->
  <testcase classname="TestCases.TestCases" name="Verify_On_clicking_Close_Icon_Download_Excel_Instruction_Pop_Up_Is_Closed" time="0.0">
    <ignored/>
  </testcase> <!-- Verify_On_clicking_Close_Icon_Download_Excel_Instruction_Pop_Up_Is_Closed -->
  <testcase classname="TestCases.TestCases" name="Test_If_An_Error_Message_Is_Displayed_If_Uploaded_Excel_Contains_Service_engineer_number_Which_is_Not_On_Present_Website" time="0.0">
    <ignored/>
  </testcase> <!-- Test_If_An_Error_Message_Is_Displayed_If_Uploaded_Excel_Contains_Service_engineer_number_Which_is_Not_On_Present_Website -->
  <testcase classname="TestCases.TestCases" name="Test_If_An_Error_Message_Is_Displayed_If_Uploaded_Excel_Contains_Due_date_As_A_Past_Date" time="0.0">
    <ignored/>
  </testcase> <!-- Test_If_An_Error_Message_Is_Displayed_If_Uploaded_Excel_Contains_Due_date_As_A_Past_Date -->
  <testcase classname="TestCases.TestCases" name="Verify_On_selecting_Schedule_monthly_Button_And_Selecting_Alternate_Month_All_Dates_Should_Be_Present" time="0.0">
    <ignored/>
  </testcase> <!-- Verify_On_selecting_Schedule_monthly_Button_And_Selecting_Alternate_Month_All_Dates_Should_Be_Present -->
  <testcase classname="TestCases.TestCases" name="User_Is_Able_To_See_And_Accept_cookies" time="0.0">
    <ignored/>
  </testcase> <!-- User_Is_Able_To_See_And_Accept_cookies -->
  <testcase classname="TestCases.TestCases" name="Test_If_Error_Message_Is_Displayed_When_New_Password_And_Confirm_Password_Are_Not_Matching" time="0.0">
    <ignored/>
  </testcase> <!-- Test_If_Error_Message_Is_Displayed_When_New_Password_And_Confirm_Password_Are_Not_Matching -->
  <testcase classname="TestCases.TestCases" name="Verify_Test_User_is_Able_To_Create_New_Task_With_Bacteria_Fungi_Check_As_TaskType" time="0.0">
    <ignored/>
  </testcase> <!-- Verify_Test_User_is_Able_To_Create_New_Task_With_Bacteria_Fungi_Check_As_TaskType -->
  <testcase classname="TestCases.TestCases" name="Test_Login_without_Entering_Any_Credentials" time="0.0">
    <ignored/>
  </testcase> <!-- Test_Login_without_Entering_Any_Credentials -->
  <testcase classname="TestCases.TestCases" name="Test_If_There_are_Accounts_availble_the_vendor_Should_be_Able_To_see_all_of_those_while_Creating_Task" time="0.0">
    <ignored/>
  </testcase> <!-- Test_If_There_are_Accounts_availble_the_vendor_Should_be_Able_To_see_all_of_those_while_Creating_Task -->
  <testcase classname="TestCases.TestCases" name="Verify_That_Watchers_Field_Is_Disabled_Untill_Service_Engineer_Is_Not_Selected" time="0.0">
    <ignored/>
  </testcase> <!-- Verify_That_Watchers_Field_Is_Disabled_Untill_Service_Engineer_Is_Not_Selected -->
  <testcase classname="TestCases.TestCases" name="Test_Login_With_Invalid_Data_For_Existing_User" time="0.0">
    <ignored/>
  </testcase> <!-- Test_Login_With_Invalid_Data_For_Existing_User -->
  <testcase classname="TestCases.TestCases" name="Verify_Test_User_is_Able_To_Create_New_Task_With_Oil_Skimming_As_TaskType" time="0.0">
    <ignored/>
  </testcase> <!-- Verify_Test_User_is_Able_To_Create_New_Task_With_Oil_Skimming_As_TaskType -->
  <testcase classname="TestCases.TestCases" name="Test_Email_In_Profie_Is_Not_Editable" time="0.0">
    <ignored/>
  </testcase> <!-- Test_Email_In_Profie_Is_Not_Editable -->
  <testcase classname="TestCases.TestCases" name="TEST_If_User_Is_Able_To_Reset_Password_And_login_With_New_Password" time="0.0">
    <ignored/>
  </testcase> <!-- TEST_If_User_Is_Able_To_Reset_Password_And_login_With_New_Password -->
  <testcase classname="TestCases.TestCases" name="Verify_That_User_Is_Able_To_Select_Service_Engineer_And_Selected_Service_Engineer_Is_visible" time="0.0">
    <ignored/>
  </testcase> <!-- Verify_That_User_Is_Able_To_Select_Service_Engineer_And_Selected_Service_Engineer_Is_visible -->
  <testcase classname="TestCases.TestCases" name="Test_If_User_Is_Able_To_Logout_Of_Application_On_clicking_Logout_Button_On_SideBar" time="0.0">
    <ignored/>
  </testcase> <!-- Test_If_User_Is_Able_To_Logout_Of_Application_On_clicking_Logout_Button_On_SideBar -->
  <testcase classname="TestCases.TestCases" name="Test_If_Error_Message_Is_Dispalyed_In_Case_Of_A_Empty_Machine_Code_Feild_Uploded_Excel_File" time="0.0">
    <ignored/>
  </testcase> <!-- Test_If_Error_Message_Is_Dispalyed_In_Case_Of_A_Empty_Machine_Code_Feild_Uploded_Excel_File -->
  <testcase classname="TestCases.TestCases" name="Verify_That_User_Is_Able_To_Select_machines_And_Selected_Machines_Are_visible" time="0.0">
    <ignored/>
  </testcase> <!-- Verify_That_User_Is_Able_To_Select_machines_And_Selected_Machines_Are_visible -->
  <testcase classname="TestCases.TestCases" name="Test_Account_Task_Record_Are_Displayed_On_Dashboard" time="0.0">
    <ignored/>
  </testcase> <!-- Test_Account_Task_Record_Are_Displayed_On_Dashboard -->
  <testcase classname="TestCases.TestCases" name="Verify_On_selecting_Schedule_monthly_Button_And_Selecting_Every_Month_All_Dates_Should_Be_Present" time="0.0">
    <ignored/>
  </testcase> <!-- Verify_On_selecting_Schedule_monthly_Button_And_Selecting_Every_Month_All_Dates_Should_Be_Present -->
  <testcase classname="TestCases.TestCases" name="Company_Name_Is_Present_On_Header_On_HomePage" time="0.0">
    <ignored/>
  </testcase> <!-- Company_Name_Is_Present_On_Header_On_HomePage -->
  <testcase classname="TestCases.TestCases" name="Verify_On_clicking_upload_Excel_A_Pop_Up_Is_Displayed_which_Has_Options_To_Upload_File" time="0.0">
    <ignored/>
  </testcase> <!-- Verify_On_clicking_upload_Excel_A_Pop_Up_Is_Displayed_which_Has_Options_To_Upload_File -->
  <testcase classname="TestCases.TestCases" name="Verify_Test_User_is_Able_To_Create_New_Task_With_Solcare_Service_As_TaskType" time="0.0">
    <ignored/>
  </testcase> <!-- Verify_Test_User_is_Able_To_Create_New_Task_With_Solcare_Service_As_TaskType -->
  <testcase classname="TestCases.TestCases" name="Test_Is_ResetPassword_PopUp_Closing_After_Clicking_Close_Button" time="0.0">
    <ignored/>
  </testcase> <!-- Test_Is_ResetPassword_PopUp_Closing_After_Clicking_Close_Button -->
  <testcase classname="TestCases.TestCases" name="Test_If_There_are_service_Engineer_availble_the_vendor_Should_be_Able_To_see_all_of_those_while_Creating_Task" time="0.0">
    <ignored/>
  </testcase> <!-- Test_If_There_are_service_Engineer_availble_the_vendor_Should_be_Able_To_see_all_of_those_while_Creating_Task -->
  <testcase classname="TestCases.TestCases" name="Test_Distributor_Info_Is_Displayed_On_Dashboard" time="0.0">
    <ignored/>
  </testcase> <!-- Test_Distributor_Info_Is_Displayed_On_Dashboard -->
  <testcase classname="TestCases.TestCases" name="Test_If_An_Error_Message_Is_Displayed_When_User_Upload_An_Empty_Excel" time="0.0">
    <ignored/>
  </testcase> <!-- Test_If_An_Error_Message_Is_Displayed_When_User_Upload_An_Empty_Excel -->
  <testcase classname="TestCases.TestCases" name="Verify_If_None_Button_Is_PreSelected_By_Default" time="0.0">
    <ignored/>
  </testcase> <!-- Verify_If_None_Button_Is_PreSelected_By_Default -->
  <testcase classname="TestCases.TestCases" name="TC35F_Verify_that_if_TaskType_Is_Not_Selected_an_error_message_is_dispayed" time="0.0">
    <ignored/>
  </testcase> <!-- TC35F_Verify_that_if_TaskType_Is_Not_Selected_an_error_message_is_dispayed -->
  <testcase classname="TestCases.TestCases" name="Verify_That_User_Is_Able_To_See_And_Select_All_Four_TaskTypes" time="0.0">
    <ignored/>
  </testcase> <!-- Verify_That_User_Is_Able_To_See_And_Select_All_Four_TaskTypes -->
  <testcase classname="TestCases.TestCases" name="Test_Solcare_observation_Records_Are_Displayed_And_User_Is_Able_To_Export_Chart_For_A_Specifiic_Machine" time="0.0">
    <ignored/>
  </testcase> <!-- Test_Solcare_observation_Records_Are_Displayed_And_User_Is_Able_To_Export_Chart_For_A_Specifiic_Machine -->
  <testcase classname="TestCases.TestCases" name="Test_Terms_And_Condition_Is_Clickable_And_Return_Expected_Content" time="0.0">
    <ignored/>
  </testcase> <!-- Test_Terms_And_Condition_Is_Clickable_And_Return_Expected_Content -->
  <testcase classname="TestCases.TestCases" name="Verify_ALL_The_Feilds_After_creating_The_Task_Have_correct_Values" time="0.0">
    <ignored/>
  </testcase> <!-- Verify_ALL_The_Feilds_After_creating_The_Task_Have_correct_Values -->
  <testcase classname="TestCases.TestCases" name="Test_If_Error_Message_Is_Dispalyed_In_Case_Of_A_Empty_duedate_Feild_Uploded_Excel_File" time="0.0">
    <ignored/>
  </testcase> <!-- Test_If_Error_Message_Is_Dispalyed_In_Case_Of_A_Empty_duedate_Feild_Uploded_Excel_File -->
  <testcase classname="TestCases.TestCases" name="Upload_Profile_Picture_And_Save_It" time="0.0">
    <ignored/>
  </testcase> <!-- Upload_Profile_Picture_And_Save_It -->
  <testcase classname="TestCases.TestCases" name="Verify_That_machines_Field_Is_Disabled_Untill_Account_Is_Not_Selected" time="0.0">
    <ignored/>
  </testcase> <!-- Verify_That_machines_Field_Is_Disabled_Untill_Account_Is_Not_Selected -->
  <testcase classname="TestCases.TestCases" name="Verify_That_After_Selecting_A_machine_The_Selected_Name_Displayed_Is_Correct" time="0.0">
    <ignored/>
  </testcase> <!-- Verify_That_After_Selecting_A_machine_The_Selected_Name_Displayed_Is_Correct -->
  <testcase classname="TestCases.TestCases" name="Error_message_Should_Be_Displayed_If_User_Enter_Wrong_Existing_Password_While_Reseting_Password" time="0.0">
    <ignored/>
  </testcase> <!-- Error_message_Should_Be_Displayed_If_User_Enter_Wrong_Existing_Password_While_Reseting_Password -->
  <testcase classname="TestCases.TestCases" name="Test_User_is_Able_To_Create_New_Task" time="0.0">
    <ignored/>
  </testcase> <!-- Test_User_is_Able_To_Create_New_Task -->
  <testcase classname="TestCases.TestCases" name="Test_Task_Status_Is_Displayed_On_Dashbaoard" time="0.0">
    <ignored/>
  </testcase> <!-- Test_Task_Status_Is_Displayed_On_Dashbaoard -->
  <testcase classname="TestCases.TestCases" name="Edit_Profile_Picture_After_Uploading_And_Saving_Different_Picture_First" time="0.0">
    <ignored/>
  </testcase> <!-- Edit_Profile_Picture_After_Uploading_And_Saving_Different_Picture_First -->
  <testcase classname="TestCases.TestCases" name="Verify_On_clicking_Download_Sample_Excel_on_Instruction_Pop_Up_An_Excel_File_Is_Downloaded" time="0.0">
    <ignored/>
  </testcase> <!-- Verify_On_clicking_Download_Sample_Excel_on_Instruction_Pop_Up_An_Excel_File_Is_Downloaded -->
  <testcase classname="TestCases.TestCases" name="Verify_On_clicking_Download_Excel_An_Instruction_Pop_Up_Is_Displayed" time="0.0">
    <ignored/>
  </testcase> <!-- Verify_On_clicking_Download_Excel_An_Instruction_Pop_Up_Is_Displayed -->
  <testcase classname="TestCases.TestCases" name="Verify_On_selecting_Schedule_monthly_Button_Select_End_Date_Field_And_Select_month_DropDown_Should_Be_Displayed" time="0.0">
    <ignored/>
  </testcase> <!-- Verify_On_selecting_Schedule_monthly_Button_Select_End_Date_Field_And_Select_month_DropDown_Should_Be_Displayed -->
  <testcase classname="TestCases.TestCases" name="Test_Login_With_Valid_Data_For_Existing_User" time="0.0">
    <ignored/>
  </testcase> <!-- Test_Login_With_Valid_Data_For_Existing_User -->
  <testcase classname="TestCases.TestCases" name="Test_Solcare_observation_Records_Are_Displayed_On_Dashboard" time="0.0">
    <ignored/>
  </testcase> <!-- Test_Solcare_observation_Records_Are_Displayed_On_Dashboard -->
  <testcase classname="TestCases.TestCases" name="Service_Engineer_records_Are_Displayed_On_Dashboard" time="0.0">
    <ignored/>
  </testcase> <!-- Service_Engineer_records_Are_Displayed_On_Dashboard -->
  <testcase classname="TestCases.TestCases" name="Verify_On_selecting_Schedule_weekly_Button_Select_End_Date_Field_And_Select_Week_and_WeekDays_Should_Be_Displayed" time="0.0">
    <ignored/>
  </testcase> <!-- Verify_On_selecting_Schedule_weekly_Button_Select_End_Date_Field_And_Select_Week_and_WeekDays_Should_Be_Displayed -->
  <testcase classname="TestCases.TestCases" name="TC35D_Verify_that_if_No_Due_Date_Is_Entered_an_error_message_is_dispayed" time="0.0">
    <ignored/>
  </testcase> <!-- TC35D_Verify_that_if_No_Due_Date_Is_Entered_an_error_message_is_dispayed -->
  <testcase classname="TestCases.TestCases" name="User_Is_Able_To_See_Dashboard" time="0.0">
    <ignored/>
  </testcase> <!-- User_Is_Able_To_See_Dashboard -->
  <testcase classname="TestCases.TestCases" name="Welcome_Distributers_Name_IS_Displayed" time="0.0">
    <ignored/>
  </testcase> <!-- Welcome_Distributers_Name_IS_Displayed -->
  <testcase classname="TestCases.TestCases" name="Verify_Test_User_is_Able_To_Create_New_Task_With_Sump_Cleaning_As_TaskType" time="0.0">
    <ignored/>
  </testcase> <!-- Verify_Test_User_is_Able_To_Create_New_Task_With_Sump_Cleaning_As_TaskType -->
  <testcase classname="TestCases.TestCases" name="TC35B_Verify_that_if_No_service_engineer_is_Selected_an_error_message_is_dispayed" time="0.0">
    <ignored/>
  </testcase> <!-- TC35B_Verify_that_if_No_service_engineer_is_Selected_an_error_message_is_dispayed -->
  <testcase classname="TestCases.TestCases" name="TC35E_Verify_that_if_Machines_Are_Not_Selected_an_error_message_is_dispayed" time="0.0">
    <ignored/>
  </testcase> <!-- TC35E_Verify_that_if_Machines_Are_Not_Selected_an_error_message_is_dispayed -->
  <testcase classname="TestCases.TestCases" name="TC35C_Verify_that_if_No_Account_is_Selected_an_error_message_is_dispayed" time="0.0">
    <ignored/>
  </testcase> <!-- TC35C_Verify_that_if_No_Account_is_Selected_an_error_message_is_dispayed -->
  <testcase classname="TestCases.TestCases" name="Test_Create_Task_Popup_Is_Dispalyed_And_It_Has_All_The_Fields" time="0.0">
    <ignored/>
  </testcase> <!-- Test_Create_Task_Popup_Is_Dispalyed_And_It_Has_All_The_Fields -->
  <testcase classname="TestCases.TestCases" name="Test_If_Error_Message_Is_Dispalyed_In_Case_Of_A_Empty_Taskname_Feild_Uploded_Excel_File" time="0.0">
    <ignored/>
  </testcase> <!-- Test_If_Error_Message_Is_Dispalyed_In_Case_Of_A_Empty_Taskname_Feild_Uploded_Excel_File -->
  <testcase classname="TestCases.TestCases" name="Verify_That_User_Is_Able_To_Select_All_the_Machines" time="0.0">
    <ignored/>
  </testcase> <!-- Verify_That_User_Is_Able_To_Select_All_the_Machines -->
  <testcase classname="TestCases.TestCases" name="Test_If_User_Is_Able_To_Logout_Of_Application_On_clicking_Logout_Button_Under_Profile_Icon" time="0.0">
    <ignored/>
  </testcase> <!-- Test_If_User_Is_Able_To_Logout_Of_Application_On_clicking_Logout_Button_Under_Profile_Icon -->
  <testcase classname="TestCases.TestCases" name="Test_If_The_Upload_Excel_Button_Is_Disabled_If_No_File_Is_Uploded" time="0.0">
    <ignored/>
  </testcase> <!-- Test_If_The_Upload_Excel_Button_Is_Disabled_If_No_File_Is_Uploded -->
  <testcase classname="TestCases.TestCases" name="Test_If_Error_Message_Is_Dispalyed_In_Case_Of_A_Empty_Service_engineer_number_Feild_Uploded_Excel_File" time="0.0">
    <ignored/>
  </testcase> <!-- Test_If_Error_Message_Is_Dispalyed_In_Case_Of_A_Empty_Service_engineer_number_Feild_Uploded_Excel_File -->
</testsuite> <!-- Default test -->
