<?xml version="1.0" encoding="UTF-8"?>
<testng-results ignored="54" total="55" passed="1" failed="0" skipped="0">
  <reporter-output>
  </reporter-output>
  <suite started-at="2023-02-19T16:03:03 IST" name="Default suite" finished-at="2023-02-19T16:03:24 IST" duration-ms="20729">
    <groups>
    </groups>
    <test started-at="2023-02-19T16:03:03 IST" name="Default test" finished-at="2023-02-19T16:03:24 IST" duration-ms="20729">
      <class name="TestCases.TestCases">
        <test-method is-config="true" signature="setUp()[pri:0, instance:TestCases.TestCases@5fdcaa40]" started-at="2023-02-19T16:03:03 IST" name="setUp" finished-at="2023-02-19T16:03:03 IST" duration-ms="402" status="PASS">
          <reporter-output>
          </reporter-output>
        </test-method> <!-- setUp -->
        <test-method is-config="true" signature="beforeTest(java.lang.reflect.Method)[pri:0, instance:TestCases.TestCases@5fdcaa40]" started-at="2023-02-19T16:03:03 IST" name="beforeTest" finished-at="2023-02-19T16:03:23 IST" duration-ms="19776" status="PASS">
          <params>
            <param index="0">
              <value>
                <![CDATA[public static void TestCases.TestCases.Test_Login_Page_Content()]]>
              </value>
            </param>
          </params>
          <reporter-output>
          </reporter-output>
        </test-method> <!-- beforeTest -->
        <test-method signature="Test_Login_Page_Content()[pri:0, instance:TestCases.TestCases@5fdcaa40]" started-at="2023-02-19T16:03:23 IST" name="Test_Login_Page_Content" finished-at="2023-02-19T16:03:24 IST" duration-ms="736" status="PASS">
          <reporter-output>
          </reporter-output>
        </test-method> <!-- Test_Login_Page_Content -->
        <test-method is-config="true" signature="afterTest()[pri:0, instance:TestCases.TestCases@5fdcaa40]" started-at="2023-02-19T16:03:24 IST" name="afterTest" finished-at="2023-02-19T16:03:24 IST" duration-ms="200" status="PASS">
          <reporter-output>
          </reporter-output>
        </test-method> <!-- afterTest -->
        <test-method is-config="true" signature="endReport()[pri:0, instance:TestCases.TestCases@5fdcaa40]" started-at="2023-02-19T16:03:24 IST" name="endReport" finished-at="2023-02-19T16:03:24 IST" duration-ms="230" status="PASS">
          <reporter-output>
          </reporter-output>
        </test-method> <!-- endReport -->
      </class> <!-- TestCases.TestCases -->
    </test> <!-- Default test -->
  </suite> <!-- Default suite -->
</testng-results>
