<?xml version="1.0" encoding="UTF-8"?>
<testng-results ignored="41" total="42" passed="1" failed="0" skipped="0">
  <reporter-output>
  </reporter-output>
  <suite started-at="2023-02-14T02:33:43 IST" name="Default suite" finished-at="2023-02-14T02:34:21 IST" duration-ms="37655">
    <groups>
    </groups>
    <test started-at="2023-02-14T02:33:43 IST" name="Default test" finished-at="2023-02-14T02:34:21 IST" duration-ms="37655">
      <class name="TestCases.TestCases">
        <test-method is-config="true" signature="setUp()[pri:0, instance:TestCases.TestCases@61862a7f]" started-at="2023-02-14T02:33:43 IST" name="setUp" finished-at="2023-02-14T02:33:43 IST" duration-ms="93" status="PASS">
          <reporter-output>
          </reporter-output>
        </test-method> <!-- setUp -->
        <test-method is-config="true" signature="beforeTest(java.lang.reflect.Method)[pri:0, instance:TestCases.TestCases@61862a7f]" started-at="2023-02-14T02:33:43 IST" name="beforeTest" finished-at="2023-02-14T02:33:48 IST" duration-ms="4859" status="PASS">
          <params>
            <param index="0">
              <value>
                <![CDATA[public static void TestCases.TestCases.Verify_That_machines_Field_Is_Disabled_Untill_Account_Is_Not_Selected()]]>
              </value>
            </param>
          </params>
          <reporter-output>
          </reporter-output>
        </test-method> <!-- beforeTest -->
        <test-method signature="Verify_That_machines_Field_Is_Disabled_Untill_Account_Is_Not_Selected()[pri:0, instance:TestCases.TestCases@61862a7f]" started-at="2023-02-14T02:33:48 IST" name="Verify_That_machines_Field_Is_Disabled_Untill_Account_Is_Not_Selected" finished-at="2023-02-14T02:34:21 IST" duration-ms="32636" status="PASS">
          <reporter-output>
          </reporter-output>
        </test-method> <!-- Verify_That_machines_Field_Is_Disabled_Untill_Account_Is_Not_Selected -->
        <test-method is-config="true" signature="afterTest()[pri:0, instance:TestCases.TestCases@61862a7f]" started-at="2023-02-14T02:34:21 IST" name="afterTest" finished-at="2023-02-14T02:34:21 IST" duration-ms="146" status="PASS">
          <reporter-output>
          </reporter-output>
        </test-method> <!-- afterTest -->
        <test-method is-config="true" signature="endReport()[pri:0, instance:TestCases.TestCases@61862a7f]" started-at="2023-02-14T02:34:21 IST" name="endReport" finished-at="2023-02-14T02:34:21 IST" duration-ms="130" status="PASS">
          <reporter-output>
          </reporter-output>
        </test-method> <!-- endReport -->
      </class> <!-- TestCases.TestCases -->
    </test> <!-- Default test -->
  </suite> <!-- Default suite -->
</testng-results>
