<?xml version="1.0" encoding="UTF-8"?>
<testng-results ignored="0" total="1" passed="1" failed="0" skipped="0">
  <reporter-output>
  </reporter-output>
  <suite started-at="2023-01-27T11:01:59 IST" name="Default suite" finished-at="2023-01-27T11:02:01 IST" duration-ms="1833">
    <groups>
    </groups>
    <test started-at="2023-01-27T11:01:59 IST" name="Default test" finished-at="2023-01-27T11:02:01 IST" duration-ms="1833">
      <class name="TestCases.TestCases">
        <test-method is-config="true" signature="setUp()[pri:0, instance:TestCases.TestCases@7ed7259e]" started-at="2023-01-27T11:01:59 IST" name="setUp" finished-at="2023-01-27T11:01:59 IST" duration-ms="150" status="PASS">
          <reporter-output>
          </reporter-output>
        </test-method> <!-- setUp -->
        <test-method is-config="true" signature="beforeTest()[pri:0, instance:TestCases.TestCases@7ed7259e]" started-at="2023-01-27T11:01:59 IST" name="beforeTest" finished-at="2023-01-27T11:01:59 IST" duration-ms="2" status="PASS">
          <reporter-output>
          </reporter-output>
        </test-method> <!-- beforeTest -->
        <test-method signature="test()[pri:0, instance:TestCases.TestCases@7ed7259e]" started-at="2023-01-27T11:01:59 IST" name="test" finished-at="2023-01-27T11:02:01 IST" duration-ms="1810" status="PASS">
          <reporter-output>
          </reporter-output>
        </test-method> <!-- test -->
        <test-method is-config="true" signature="afterTest()[pri:0, instance:TestCases.TestCases@7ed7259e]" started-at="2023-01-27T11:02:01 IST" name="afterTest" finished-at="2023-01-27T11:02:01 IST" duration-ms="2" status="PASS">
          <reporter-output>
          </reporter-output>
        </test-method> <!-- afterTest -->
        <test-method is-config="true" signature="endReport()[pri:0, instance:TestCases.TestCases@7ed7259e]" started-at="2023-01-27T11:02:02 IST" name="endReport" finished-at="2023-01-27T11:02:02 IST" duration-ms="130" status="PASS">
          <reporter-output>
          </reporter-output>
        </test-method> <!-- endReport -->
      </class> <!-- TestCases.TestCases -->
    </test> <!-- Default test -->
  </suite> <!-- Default suite -->
</testng-results>
