<?xml version="1.0" encoding="UTF-8"?>
<testng-results ignored="12" total="13" passed="1" failed="0" skipped="0">
  <reporter-output>
  </reporter-output>
  <suite started-at="2023-01-30T10:06:31 IST" name="Default suite" finished-at="2023-01-30T10:06:55 IST" duration-ms="23835">
    <groups>
    </groups>
    <test started-at="2023-01-30T10:06:31 IST" name="Default test" finished-at="2023-01-30T10:06:55 IST" duration-ms="23835">
      <class name="TestCases.TestCases">
        <test-method is-config="true" signature="setUp()[pri:0, instance:TestCases.TestCases@5119fb47]" started-at="2023-01-30T10:06:31 IST" name="setUp" finished-at="2023-01-30T10:06:31 IST" duration-ms="311" status="PASS">
          <reporter-output>
          </reporter-output>
        </test-method> <!-- setUp -->
        <test-method is-config="true" signature="beforeTest(java.lang.reflect.Method)[pri:0, instance:TestCases.TestCases@5119fb47]" started-at="2023-01-30T10:06:31 IST" name="beforeTest" finished-at="2023-01-30T10:06:54 IST" duration-ms="23214" status="PASS">
          <params>
            <param index="0">
              <value>
                <![CDATA[public static void TestCases.TestCases.Test_Login_Page_Content()]]>
              </value>
            </param>
          </params>
          <reporter-output>
          </reporter-output>
        </test-method> <!-- beforeTest -->
        <test-method signature="Test_Login_Page_Content()[pri:0, instance:TestCases.TestCases@5119fb47]" started-at="2023-01-30T10:06:54 IST" name="Test_Login_Page_Content" finished-at="2023-01-30T10:06:55 IST" duration-ms="340" status="PASS">
          <reporter-output>
          </reporter-output>
        </test-method> <!-- Test_Login_Page_Content -->
        <test-method is-config="true" signature="afterTest()[pri:0, instance:TestCases.TestCases@5119fb47]" started-at="2023-01-30T10:06:55 IST" name="afterTest" finished-at="2023-01-30T10:06:55 IST" duration-ms="226" status="PASS">
          <reporter-output>
          </reporter-output>
        </test-method> <!-- afterTest -->
        <test-method is-config="true" signature="endReport()[pri:0, instance:TestCases.TestCases@5119fb47]" started-at="2023-01-30T10:06:55 IST" name="endReport" finished-at="2023-01-30T10:06:55 IST" duration-ms="366" status="PASS">
          <reporter-output>
          </reporter-output>
        </test-method> <!-- endReport -->
      </class> <!-- TestCases.TestCases -->
    </test> <!-- Default test -->
  </suite> <!-- Default suite -->
</testng-results>
