<?xml version="1.0" encoding="UTF-8"?>
<testng-results ignored="58" total="59" passed="1" failed="0" skipped="0">
  <reporter-output>
  </reporter-output>
  <suite started-at="2023-03-04T23:05:42 IST" name="Default suite" finished-at="2023-03-04T23:06:50 IST" duration-ms="68087">
    <groups>
    </groups>
    <test started-at="2023-03-04T23:05:42 IST" name="Default test" finished-at="2023-03-04T23:06:50 IST" duration-ms="68087">
      <class name="TestCases.TestCases">
        <test-method is-config="true" signature="setUp()[pri:0, instance:TestCases.TestCases@8dbdac1]" started-at="2023-03-04T23:05:41 IST" name="setUp" finished-at="2023-03-04T23:05:42 IST" duration-ms="99" status="PASS">
          <reporter-output>
          </reporter-output>
        </test-method> <!-- setUp -->
        <test-method is-config="true" signature="beforeTest(java.lang.reflect.Method)[pri:0, instance:TestCases.TestCases@8dbdac1]" started-at="2023-03-04T23:05:42 IST" name="beforeTest" finished-at="2023-03-04T23:05:52 IST" duration-ms="10565" status="PASS">
          <params>
            <param index="0">
              <value>
                <![CDATA[public static void TestCases.TestCases.Verify_On_clicking_Download_Sample_Excel_on_Instruction_Pop_Up_An_Excel_File_Is_Downloaded()]]>
              </value>
            </param>
          </params>
          <reporter-output>
          </reporter-output>
        </test-method> <!-- beforeTest -->
        <test-method signature="Verify_On_clicking_Download_Sample_Excel_on_Instruction_Pop_Up_An_Excel_File_Is_Downloaded()[pri:0, instance:TestCases.TestCases@8dbdac1]" started-at="2023-03-04T23:05:52 IST" name="Verify_On_clicking_Download_Sample_Excel_on_Instruction_Pop_Up_An_Excel_File_Is_Downloaded" finished-at="2023-03-04T23:06:50 IST" duration-ms="57337" status="PASS">
          <reporter-output>
          </reporter-output>
        </test-method> <!-- Verify_On_clicking_Download_Sample_Excel_on_Instruction_Pop_Up_An_Excel_File_Is_Downloaded -->
        <test-method is-config="true" signature="afterTest()[pri:0, instance:TestCases.TestCases@8dbdac1]" started-at="2023-03-04T23:06:50 IST" name="afterTest" finished-at="2023-03-04T23:06:50 IST" duration-ms="160" status="PASS">
          <reporter-output>
          </reporter-output>
        </test-method> <!-- afterTest -->
        <test-method is-config="true" signature="endReport()[pri:0, instance:TestCases.TestCases@8dbdac1]" started-at="2023-03-04T23:06:50 IST" name="endReport" finished-at="2023-03-04T23:06:50 IST" duration-ms="130" status="PASS">
          <reporter-output>
          </reporter-output>
        </test-method> <!-- endReport -->
      </class> <!-- TestCases.TestCases -->
    </test> <!-- Default test -->
  </suite> <!-- Default suite -->
</testng-results>
