<?xml version="1.0" encoding="UTF-8"?>
<testng-results ignored="78" total="79" passed="1" failed="0" skipped="0">
  <reporter-output>
  </reporter-output>
  <suite started-at="2023-03-31T03:56:53 IST" name="Default suite" finished-at="2023-03-31T03:57:32 IST" duration-ms="38676">
    <groups>
    </groups>
    <test started-at="2023-03-31T03:56:53 IST" name="Default test" finished-at="2023-03-31T03:57:32 IST" duration-ms="38676">
      <class name="TestCases.TestCases">
        <test-method is-config="true" signature="setUp()[pri:0, instance:TestCases.TestCases@359f7cdf]" started-at="2023-03-31T03:56:53 IST" name="setUp" finished-at="2023-03-31T03:56:53 IST" duration-ms="744" status="PASS">
          <reporter-output>
          </reporter-output>
        </test-method> <!-- setUp -->
        <test-method is-config="true" signature="beforeTest(java.lang.reflect.Method)[pri:0, instance:TestCases.TestCases@359f7cdf]" started-at="2023-03-31T03:56:53 IST" name="beforeTest" finished-at="2023-03-31T03:56:57 IST" duration-ms="4061" status="PASS">
          <params>
            <param index="0">
              <value>
                <![CDATA[public static void TestCases.TestCases.Test_If_An_Error_Message_Is_Displayed_If_Uploaded_Excel_Contains_Account_Name_Which_is_Not_On_Present_Website()]]>
              </value>
            </param>
          </params>
          <reporter-output>
          </reporter-output>
        </test-method> <!-- beforeTest -->
        <test-method signature="Test_If_An_Error_Message_Is_Displayed_If_Uploaded_Excel_Contains_Account_Name_Which_is_Not_On_Present_Website()[pri:0, instance:TestCases.TestCases@359f7cdf]" started-at="2023-03-31T03:56:57 IST" name="Test_If_An_Error_Message_Is_Displayed_If_Uploaded_Excel_Contains_Account_Name_Which_is_Not_On_Present_Website" finished-at="2023-03-31T03:57:32 IST" duration-ms="34351" status="PASS">
          <reporter-output>
          </reporter-output>
        </test-method> <!-- Test_If_An_Error_Message_Is_Displayed_If_Uploaded_Excel_Contains_Account_Name_Which_is_Not_On_Present_Website -->
        <test-method is-config="true" signature="afterTest()[pri:0, instance:TestCases.TestCases@359f7cdf]" started-at="2023-03-31T03:57:32 IST" name="afterTest" finished-at="2023-03-31T03:57:32 IST" duration-ms="232" status="PASS">
          <reporter-output>
          </reporter-output>
        </test-method> <!-- afterTest -->
        <test-method is-config="true" signature="endReport()[pri:0, instance:TestCases.TestCases@359f7cdf]" started-at="2023-03-31T03:57:32 IST" name="endReport" finished-at="2023-03-31T03:57:32 IST" duration-ms="303" status="PASS">
          <reporter-output>
          </reporter-output>
        </test-method> <!-- endReport -->
      </class> <!-- TestCases.TestCases -->
    </test> <!-- Default test -->
  </suite> <!-- Default suite -->
</testng-results>
