<?xml version="1.0" encoding="UTF-8"?>
<testng-results ignored="86" total="87" passed="1" failed="0" skipped="0">
  <reporter-output>
  </reporter-output>
  <suite started-at="2023-04-09T18:10:35 IST" name="Default suite" finished-at="2023-04-09T18:11:45 IST" duration-ms="69887">
    <groups>
    </groups>
    <test started-at="2023-04-09T18:10:35 IST" name="Default test" finished-at="2023-04-09T18:11:45 IST" duration-ms="69887">
      <class name="TestCases.TestCases">
        <test-method is-config="true" signature="setUp()[pri:0, instance:TestCases.TestCases@4fb0f2b9]" started-at="2023-04-09T18:10:34 IST" name="setUp" finished-at="2023-04-09T18:10:35 IST" duration-ms="952" status="PASS">
          <reporter-output>
          </reporter-output>
        </test-method> <!-- setUp -->
        <test-method is-config="true" signature="beforeTest(java.lang.reflect.Method)[pri:0, instance:TestCases.TestCases@4fb0f2b9]" started-at="2023-04-09T18:10:35 IST" name="beforeTest" finished-at="2023-04-09T18:10:43 IST" duration-ms="8065" status="PASS">
          <params>
            <param index="0">
              <value>
                <![CDATA[public static void TestCases.TestCases.Test_Just_After_Creating_A_Task_The_Status_of_task_should_be_Incomplete()]]>
              </value>
            </param>
          </params>
          <reporter-output>
          </reporter-output>
        </test-method> <!-- beforeTest -->
        <test-method signature="Test_Just_After_Creating_A_Task_The_Status_of_task_should_be_Incomplete()[pri:0, instance:TestCases.TestCases@4fb0f2b9]" started-at="2023-04-09T18:10:43 IST" name="Test_Just_After_Creating_A_Task_The_Status_of_task_should_be_Incomplete" finished-at="2023-04-09T18:11:45 IST" duration-ms="61382" status="PASS">
          <reporter-output>
          </reporter-output>
        </test-method> <!-- Test_Just_After_Creating_A_Task_The_Status_of_task_should_be_Incomplete -->
        <test-method is-config="true" signature="afterTest()[pri:0, instance:TestCases.TestCases@4fb0f2b9]" started-at="2023-04-09T18:11:45 IST" name="afterTest" finished-at="2023-04-09T18:11:45 IST" duration-ms="308" status="PASS">
          <reporter-output>
          </reporter-output>
        </test-method> <!-- afterTest -->
        <test-method is-config="true" signature="endReport()[pri:0, instance:TestCases.TestCases@4fb0f2b9]" started-at="2023-04-09T18:11:45 IST" name="endReport" finished-at="2023-04-09T18:11:46 IST" duration-ms="330" status="PASS">
          <reporter-output>
          </reporter-output>
        </test-method> <!-- endReport -->
      </class> <!-- TestCases.TestCases -->
    </test> <!-- Default test -->
  </suite> <!-- Default suite -->
</testng-results>
