<?xml version="1.0" encoding="UTF-8"?>
<testng-results ignored="55" total="56" passed="1" failed="0" skipped="0">
  <reporter-output>
  </reporter-output>
  <suite started-at="2023-03-01T02:28:17 IST" name="Default suite" finished-at="2023-03-01T02:29:55 IST" duration-ms="97791">
    <groups>
    </groups>
    <test started-at="2023-03-01T02:28:17 IST" name="Default test" finished-at="2023-03-01T02:29:55 IST" duration-ms="97791">
      <class name="TestCases.TestCases">
        <test-method is-config="true" signature="setUp()[pri:0, instance:TestCases.TestCases@6dc17b83]" started-at="2023-03-01T02:28:17 IST" name="setUp" finished-at="2023-03-01T02:28:17 IST" duration-ms="95" status="PASS">
          <reporter-output>
          </reporter-output>
        </test-method> <!-- setUp -->
        <test-method is-config="true" signature="beforeTest(java.lang.reflect.Method)[pri:0, instance:TestCases.TestCases@6dc17b83]" started-at="2023-03-01T02:28:17 IST" name="beforeTest" finished-at="2023-03-01T02:28:51 IST" duration-ms="34023" status="PASS">
          <params>
            <param index="0">
              <value>
                <![CDATA[public static void TestCases.TestCases.Test_Solcare_observation_Records_Are_Displayed_And_User_Is_Able_To_Export_Chart_For_A_Specifiic_Machine()]]>
              </value>
            </param>
          </params>
          <reporter-output>
          </reporter-output>
        </test-method> <!-- beforeTest -->
        <test-method signature="Test_Solcare_observation_Records_Are_Displayed_And_User_Is_Able_To_Export_Chart_For_A_Specifiic_Machine()[pri:0, instance:TestCases.TestCases@6dc17b83]" started-at="2023-03-01T02:28:51 IST" name="Test_Solcare_observation_Records_Are_Displayed_And_User_Is_Able_To_Export_Chart_For_A_Specifiic_Machine" finished-at="2023-03-01T02:29:55 IST" duration-ms="63610" status="PASS">
          <reporter-output>
          </reporter-output>
        </test-method> <!-- Test_Solcare_observation_Records_Are_Displayed_And_User_Is_Able_To_Export_Chart_For_A_Specifiic_Machine -->
        <test-method is-config="true" signature="afterTest()[pri:0, instance:TestCases.TestCases@6dc17b83]" started-at="2023-03-01T02:29:55 IST" name="afterTest" finished-at="2023-03-01T02:29:55 IST" duration-ms="138" status="PASS">
          <reporter-output>
          </reporter-output>
        </test-method> <!-- afterTest -->
        <test-method is-config="true" signature="endReport()[pri:0, instance:TestCases.TestCases@6dc17b83]" started-at="2023-03-01T02:29:55 IST" name="endReport" finished-at="2023-03-01T02:29:55 IST" duration-ms="130" status="PASS">
          <reporter-output>
          </reporter-output>
        </test-method> <!-- endReport -->
      </class> <!-- TestCases.TestCases -->
    </test> <!-- Default test -->
  </suite> <!-- Default suite -->
</testng-results>
