<?xml version="1.0" encoding="UTF-8"?>
<testng-results ignored="30" total="31" passed="1" failed="0" skipped="0">
  <reporter-output>
  </reporter-output>
  <suite started-at="2023-02-09T15:47:16 IST" name="Default suite" finished-at="2023-02-09T15:48:56 IST" duration-ms="100004">
    <groups>
    </groups>
    <test started-at="2023-02-09T15:47:16 IST" name="Default test" finished-at="2023-02-09T15:48:56 IST" duration-ms="100004">
      <class name="TestCases.TestCases">
        <test-method is-config="true" signature="setUp()[pri:0, instance:TestCases.TestCases@479d31f3]" started-at="2023-02-09T15:47:16 IST" name="setUp" finished-at="2023-02-09T15:47:16 IST" duration-ms="329" status="PASS">
          <reporter-output>
          </reporter-output>
        </test-method> <!-- setUp -->
        <test-method is-config="true" signature="beforeTest(java.lang.reflect.Method)[pri:0, instance:TestCases.TestCases@479d31f3]" started-at="2023-02-09T15:47:16 IST" name="beforeTest" finished-at="2023-02-09T15:47:37 IST" duration-ms="20030" status="PASS">
          <params>
            <param index="0">
              <value>
                <![CDATA[public static void TestCases.TestCases.Test_User_is_Able_To_Create_New_Task()]]>
              </value>
            </param>
          </params>
          <reporter-output>
          </reporter-output>
        </test-method> <!-- beforeTest -->
        <test-method signature="Test_User_is_Able_To_Create_New_Task()[pri:0, instance:TestCases.TestCases@479d31f3]" started-at="2023-02-09T15:47:37 IST" name="Test_User_is_Able_To_Create_New_Task" finished-at="2023-02-09T15:48:56 IST" duration-ms="79624" status="PASS">
          <reporter-output>
          </reporter-output>
        </test-method> <!-- Test_User_is_Able_To_Create_New_Task -->
        <test-method is-config="true" signature="afterTest()[pri:0, instance:TestCases.TestCases@479d31f3]" started-at="2023-02-09T15:48:56 IST" name="afterTest" finished-at="2023-02-09T15:48:56 IST" duration-ms="291" status="PASS">
          <reporter-output>
          </reporter-output>
        </test-method> <!-- afterTest -->
        <test-method is-config="true" signature="endReport()[pri:0, instance:TestCases.TestCases@479d31f3]" started-at="2023-02-09T15:48:57 IST" name="endReport" finished-at="2023-02-09T15:48:57 IST" duration-ms="242" status="PASS">
          <reporter-output>
          </reporter-output>
        </test-method> <!-- endReport -->
      </class> <!-- TestCases.TestCases -->
    </test> <!-- Default test -->
  </suite> <!-- Default suite -->
</testng-results>
