<?xml version="1.0" encoding="UTF-8"?>
<testng-results ignored="0" total="1" passed="1" failed="0" skipped="0">
  <reporter-output>
  </reporter-output>
  <suite started-at="2023-01-27T11:47:41 IST" name="Default suite" finished-at="2023-01-27T11:48:14 IST" duration-ms="33485">
    <groups>
    </groups>
    <test started-at="2023-01-27T11:47:41 IST" name="Default test" finished-at="2023-01-27T11:48:14 IST" duration-ms="33485">
      <class name="TestCases.TestCases">
        <test-method is-config="true" signature="setUp()[pri:0, instance:TestCases.TestCases@7ed7259e]" started-at="2023-01-27T11:47:41 IST" name="setUp" finished-at="2023-01-27T11:47:41 IST" duration-ms="129" status="PASS">
          <reporter-output>
          </reporter-output>
        </test-method> <!-- setUp -->
        <test-method is-config="true" signature="beforeTest()[pri:0, instance:TestCases.TestCases@7ed7259e]" started-at="2023-01-27T11:47:41 IST" name="beforeTest" finished-at="2023-01-27T11:48:14 IST" duration-ms="33188" status="PASS">
          <reporter-output>
          </reporter-output>
        </test-method> <!-- beforeTest -->
        <test-method signature="Test_Login_Page_Content()[pri:0, instance:TestCases.TestCases@7ed7259e]" started-at="2023-01-27T11:48:14 IST" name="Test_Login_Page_Content" finished-at="2023-01-27T11:48:14 IST" duration-ms="71" status="PASS">
          <reporter-output>
          </reporter-output>
        </test-method> <!-- Test_Login_Page_Content -->
        <test-method is-config="true" signature="afterTest()[pri:0, instance:TestCases.TestCases@7ed7259e]" started-at="2023-01-27T11:48:14 IST" name="afterTest" finished-at="2023-01-27T11:48:14 IST" duration-ms="204" status="PASS">
          <reporter-output>
          </reporter-output>
        </test-method> <!-- afterTest -->
        <test-method is-config="true" signature="endReport()[pri:0, instance:TestCases.TestCases@7ed7259e]" started-at="2023-01-27T11:48:15 IST" name="endReport" finished-at="2023-01-27T11:48:15 IST" duration-ms="158" status="PASS">
          <reporter-output>
          </reporter-output>
        </test-method> <!-- endReport -->
      </class> <!-- TestCases.TestCases -->
    </test> <!-- Default test -->
  </suite> <!-- Default suite -->
</testng-results>
