<?xml version="1.0" encoding="UTF-8"?>
<testng-results ignored="99" total="100" passed="1" failed="0" skipped="0">
  <reporter-output>
  </reporter-output>
  <suite started-at="2023-08-14T16:35:52 IST" name="Default suite" finished-at="2023-08-14T16:36:02 IST" duration-ms="9459">
    <groups>
    </groups>
    <test started-at="2023-08-14T16:35:52 IST" name="Default test" finished-at="2023-08-14T16:36:02 IST" duration-ms="9459">
      <class name="TestCases.TestCases">
        <test-method is-config="true" signature="setUp()[pri:0, instance:TestCases.TestCases@7ec7ffd3]" started-at="2023-08-14T16:35:52 IST" name="setUp" finished-at="2023-08-14T16:35:52 IST" duration-ms="598" status="PASS">
          <reporter-output>
          </reporter-output>
        </test-method> <!-- setUp -->
        <test-method is-config="true" signature="beforeTest(java.lang.reflect.Method)[pri:0, instance:TestCases.TestCases@7ec7ffd3]" started-at="2023-08-14T16:35:52 IST" name="beforeTest" finished-at="2023-08-14T16:36:00 IST" duration-ms="7711" status="PASS">
          <params>
            <param index="0">
              <value>
                <![CDATA[public static void TestCases.TestCases.Test_Login_Page_Content()]]>
              </value>
            </param>
          </params>
          <reporter-output>
          </reporter-output>
        </test-method> <!-- beforeTest -->
        <test-method signature="Test_Login_Page_Content()[pri:0, instance:TestCases.TestCases@7ec7ffd3]" started-at="2023-08-14T16:36:00 IST" name="Test_Login_Page_Content" finished-at="2023-08-14T16:36:01 IST" duration-ms="1080" status="PASS">
          <reporter-output>
          </reporter-output>
        </test-method> <!-- Test_Login_Page_Content -->
        <test-method is-config="true" signature="afterTest()[pri:0, instance:TestCases.TestCases@7ec7ffd3]" started-at="2023-08-14T16:36:01 IST" name="afterTest" finished-at="2023-08-14T16:36:01 IST" duration-ms="185" status="PASS">
          <reporter-output>
          </reporter-output>
        </test-method> <!-- afterTest -->
        <test-method is-config="true" signature="endReport()[pri:0, instance:TestCases.TestCases@7ec7ffd3]" started-at="2023-08-14T16:36:03 IST" name="endReport" finished-at="2023-08-14T16:36:03 IST" duration-ms="168" status="PASS">
          <reporter-output>
          </reporter-output>
        </test-method> <!-- endReport -->
      </class> <!-- TestCases.TestCases -->
    </test> <!-- Default test -->
  </suite> <!-- Default suite -->
</testng-results>
