<?xml version="1.0" encoding="UTF-8"?>
<testng-results ignored="0" total="1" passed="1" failed="0" skipped="0">
  <reporter-output>
  </reporter-output>
  <suite started-at="2023-01-27T12:21:56 IST" name="Default suite" finished-at="2023-01-27T12:22:15 IST" duration-ms="19928">
    <groups>
    </groups>
    <test started-at="2023-01-27T12:21:56 IST" name="Default test" finished-at="2023-01-27T12:22:15 IST" duration-ms="19928">
      <class name="TestCases.TestCases">
        <test-method is-config="true" signature="setUp()[pri:0, instance:TestCases.TestCases@7ed7259e]" started-at="2023-01-27T12:21:55 IST" name="setUp" finished-at="2023-01-27T12:21:56 IST" duration-ms="96" status="PASS">
          <reporter-output>
          </reporter-output>
        </test-method> <!-- setUp -->
        <test-method is-config="true" signature="beforeTest()[pri:0, instance:TestCases.TestCases@7ed7259e]" started-at="2023-01-27T12:21:56 IST" name="beforeTest" finished-at="2023-01-27T12:22:15 IST" duration-ms="19579" status="PASS">
          <reporter-output>
          </reporter-output>
        </test-method> <!-- beforeTest -->
        <test-method signature="Test_Login_Page_Content()[pri:0, instance:TestCases.TestCases@7ed7259e]" started-at="2023-01-27T12:22:15 IST" name="Test_Login_Page_Content" finished-at="2023-01-27T12:22:15 IST" duration-ms="131" status="PASS">
          <reporter-output>
          </reporter-output>
        </test-method> <!-- Test_Login_Page_Content -->
        <test-method is-config="true" signature="afterTest()[pri:0, instance:TestCases.TestCases@7ed7259e]" started-at="2023-01-27T12:22:15 IST" name="afterTest" finished-at="2023-01-27T12:22:15 IST" duration-ms="198" status="PASS">
          <reporter-output>
          </reporter-output>
        </test-method> <!-- afterTest -->
        <test-method is-config="true" signature="endReport()[pri:0, instance:TestCases.TestCases@7ed7259e]" started-at="2023-01-27T12:22:15 IST" name="endReport" finished-at="2023-01-27T12:22:16 IST" duration-ms="167" status="PASS">
          <reporter-output>
          </reporter-output>
        </test-method> <!-- endReport -->
      </class> <!-- TestCases.TestCases -->
    </test> <!-- Default test -->
  </suite> <!-- Default suite -->
</testng-results>
